<?xml version="1.0" encoding="UTF-8"?>
<coverage generated="1682083729">
    <project timestamp="1682083729">
        <file name="/var/www/symfony/src/Infrastructure/CQRS/Bus/CanNotRegisterCommandHandler.php">
            <class name="App\Infrastructure\CQRS\Bus\CanNotRegisterCommandHandler" namespace="global">
                <metrics complexity="0" methods="0" coveredmethods="0" conditionals="0" coveredconditionals="0" statements="0" coveredstatements="0" elements="0" coveredelements="0"/>
            </class>
            <metrics loc="8" ncloc="8" classes="0" methods="0" coveredmethods="0" conditionals="0" coveredconditionals="0" statements="0" coveredstatements="0" elements="0" coveredelements="0"/>
        </file>
    </project>
</coverage>
